0 info it worked if it ends with ok
1 verbose cli [ '/home/fabiogarcia/.nvm/versions/node/v6.3.1/bin/node',
1 verbose cli   '/home/fabiogarcia/.nvm/versions/node/v6.3.1/bin/npm',
1 verbose cli   'run',
1 verbose cli   'deploy' ]
2 info using npm@3.10.3
3 info using node@v6.3.1
4 verbose run-script [ 'predeploy', 'deploy', 'postdeploy' ]
5 info lifecycle chat-game@0.1.0~predeploy: chat-game@0.1.0
6 silly lifecycle chat-game@0.1.0~predeploy: no script for predeploy, continuing
7 info lifecycle chat-game@0.1.0~deploy: chat-game@0.1.0
8 verbose lifecycle chat-game@0.1.0~deploy: unsafe-perm in lifecycle true
9 verbose lifecycle chat-game@0.1.0~deploy: PATH: /home/fabiogarcia/.nvm/versions/node/v6.3.1/lib/node_modules/npm/bin/node-gyp-bin:/home/fabiogarcia/workspace/chat-game/node_modules/.bin:/home/fabiogarcia/.nvm/versions/node/v6.3.1/bin:/home/fabiogarcia/.rvm/gems/ruby-2.3.1/bin:/home/fabiogarcia/.rvm/gems/ruby-2.3.1@global/bin:/home/fabiogarcia/.rvm/rubies/ruby-2.3.1/bin:/home/fabiogarcia/.gem/ruby/2.3.0/bin:/home/fabiogarcia/.nvm/versions/node/v6.3.1/bin:/usr/local/sbin:/usr/local/bin:/usr/sbin:/usr/bin:/sbin:/bin:/usr/games:/usr/local/games:/snap/bin:/home/fabiogarcia/.rvm/bin:/home/fabiogarcia/.gem/ruby/2.3.0/bin:/home/fabiogarcia/.rvm/bin
10 verbose lifecycle chat-game@0.1.0~deploy: CWD: /home/fabiogarcia/workspace/chat-game
11 silly lifecycle chat-game@0.1.0~deploy: Args: [ '-c', 'gulp deploy' ]
12 silly lifecycle chat-game@0.1.0~deploy: Returned: code: 1  signal: null
13 info lifecycle chat-game@0.1.0~deploy: Failed to exec deploy script
14 verbose stack Error: chat-game@0.1.0 deploy: `gulp deploy`
14 verbose stack Exit status 1
14 verbose stack     at EventEmitter.<anonymous> (/home/fabiogarcia/.nvm/versions/node/v6.3.1/lib/node_modules/npm/lib/utils/lifecycle.js:242:16)
14 verbose stack     at emitTwo (events.js:106:13)
14 verbose stack     at EventEmitter.emit (events.js:191:7)
14 verbose stack     at ChildProcess.<anonymous> (/home/fabiogarcia/.nvm/versions/node/v6.3.1/lib/node_modules/npm/lib/utils/spawn.js:40:14)
14 verbose stack     at emitTwo (events.js:106:13)
14 verbose stack     at ChildProcess.emit (events.js:191:7)
14 verbose stack     at maybeClose (internal/child_process.js:852:16)
14 verbose stack     at Process.ChildProcess._handle.onexit (internal/child_process.js:215:5)
15 verbose pkgid chat-game@0.1.0
16 verbose cwd /home/fabiogarcia/workspace/chat-game
17 error Linux 4.4.0-62-generic
18 error argv "/home/fabiogarcia/.nvm/versions/node/v6.3.1/bin/node" "/home/fabiogarcia/.nvm/versions/node/v6.3.1/bin/npm" "run" "deploy"
19 error node v6.3.1
20 error npm  v3.10.3
21 error code ELIFECYCLE
22 error chat-game@0.1.0 deploy: `gulp deploy`
22 error Exit status 1
23 error Failed at the chat-game@0.1.0 deploy script 'gulp deploy'.
23 error Make sure you have the latest version of node.js and npm installed.
23 error If you do, this is most likely a problem with the chat-game package,
23 error not with npm itself.
23 error Tell the author that this fails on your system:
23 error     gulp deploy
23 error You can get information on how to open an issue for this project with:
23 error     npm bugs chat-game
23 error Or if that isn't available, you can get their info via:
23 error     npm owner ls chat-game
23 error There is likely additional logging output above.
24 verbose exit [ 1, true ]
